<?xml version='1.0' encoding='UTF-8'?>
<testsuite hostname="Williams-MBP" name="controllers.ApplicationControllerSpec" tests="11" errors="0" failures="1" skipped="0" time="0.559" timestamp="2024-01-31T11:17:41">
          <properties>
[...]
</properties>
          <testcase classname="controllers.ApplicationControllerSpec" name="ApplicationController .index should return TODO" time="0.007">
                      
                    </testcase><testcase classname="controllers.ApplicationControllerSpec" name="ApplicationController .create should create a book in the database" time="0.018">
                      
                    </testcase><testcase classname="controllers.ApplicationControllerSpec" name="ApplicationController .create should return a bad request if an incorrect validated model is an argument" time="0.005">
                      
                    </testcase><testcase classname="controllers.ApplicationControllerSpec" name="ApplicationController .read should find a book in the database by id" time="0.005">
                      
                    </testcase><testcase classname="controllers.ApplicationControllerSpec" name="ApplicationController .read should return no content if a book is not in database" time="0.001">
                      
                    </testcase><testcase classname="controllers.ApplicationControllerSpec" name="ApplicationController .update() should edit an existing book in the database" time="0.007">
                      
                    </testcase><testcase classname="controllers.ApplicationControllerSpec" name="ApplicationController .update() should return a bad request if an incorrect validated model is an argument" time="0.004">
                      
                    </testcase><testcase classname="controllers.ApplicationControllerSpec" name="ApplicationController .update() should upsert an entry if ID not found" time="0.005">
                      
                    </testcase><testcase classname="controllers.ApplicationControllerSpec" name="ApplicationController .delete() should remove an entry in the database" time="0.005">
                      
                    </testcase><testcase classname="controllers.ApplicationControllerSpec" name="ApplicationController .delete() should return no content if there is no book with an ID" time="0.002">
                      
                    </testcase><testcase classname="controllers.ApplicationControllerSpec" name="ApplicationController .getGoogleBook should test" time="0.5">
                      <failure message="JsResultException(errors:List((/etag,List(JsonValidationError(List(error.path.missing),ArraySeq()))), (/selfLink,List(JsonValidationError(List(error.path.missing),ArraySeq()))), (/id,List(JsonValidationError(List(error.path.missing),ArraySeq())))))" type="play.api.libs.json.JsResultException">play.api.libs.json.JsResultException: JsResultException(errors:List((/etag,List(JsonValidationError(List(error.path.missing),ArraySeq()))), (/selfLink,List(JsonValidationError(List(error.path.missing),ArraySeq()))), (/id,List(JsonValidationError(List(error.path.missing),ArraySeq())))))
	at play.api.libs.json.JsReadable.$anonfun$as$2(JsReadable.scala:25)
	at play.api.libs.json.JsError.fold(JsResult.scala:66)
	at play.api.libs.json.JsReadable.as(JsReadable.scala:24)
	at play.api.libs.json.JsReadable.as$(JsReadable.scala:23)
	at play.api.libs.json.JsObject.as(JsValue.scala:126)
	at connectors.LibraryConnector.$anonfun$get$1(LibraryConnector.scala:15)
	at scala.concurrent.impl.Promise$Transformation.run(Promise.scala:467)
	at akka.dispatch.BatchingExecutor$AbstractBatch.processBatch(BatchingExecutor.scala:63)
	at akka.dispatch.BatchingExecutor$BlockableBatch.$anonfun$run$1(BatchingExecutor.scala:100)
	at scala.runtime.java8.JFunction0$mcV$sp.apply(JFunction0$mcV$sp.scala:18)
	at scala.concurrent.BlockContext$.withBlockContext(BlockContext.scala:94)
	at akka.dispatch.BatchingExecutor$BlockableBatch.run(BatchingExecutor.scala:100)
	at akka.dispatch.TaskInvocation.run(AbstractDispatcher.scala:49)
	at akka.dispatch.ForkJoinExecutorConfigurator$AkkaForkJoinTask.exec(ForkJoinExecutorConfigurator.scala:48)
	at java.base/java.util.concurrent.ForkJoinTask.doExec(ForkJoinTask.java:290)
	at java.base/java.util.concurrent.ForkJoinPool$WorkQueue.topLevelExec(ForkJoinPool.java:1020)
	at java.base/java.util.concurrent.ForkJoinPool.scan(ForkJoinPool.java:1656)
	at java.base/java.util.concurrent.ForkJoinPool.runWorker(ForkJoinPool.java:1594)
	at java.base/java.util.concurrent.ForkJoinWorkerThread.run(ForkJoinWorkerThread.java:183)
</failure>
                    </testcase>
          <system-out><![CDATA[]]></system-out>
          <system-err><![CDATA[]]></system-err>
        </testsuite>