<?xml version='1.0' encoding='UTF-8'?>
<testsuite hostname="Williams-MBP" name="controllers.ApplicationControllerSpec" tests="1" errors="0" failures="0" skipped="0" time="0.012" timestamp="2024-01-23T12:47:57">
          <properties>
[...]
</properties>
          <testcase classname="controllers.ApplicationControllerSpec" name="ApplicationController .index should return TODO" time="0.012">
                      
                    </testcase>
          <system-out><![CDATA[]]></system-out>
          <system-err><![CDATA[]]></system-err>
        </testsuite>