[0m[[0m[0mdebug[0m] [0m[0m> Exec(testOnly *ApplicationControllerSpec, None, None)[0m
[0m[[0m[0mdebug[0m] [0m[0mEvaluating tasks: Test / testOnly[0m
[0m[[0m[0mdebug[0m] [0m[0mRunning task... Cancel: Signal, check cycles: false, forcegc: true[0m
[0m[[0m[0mdebug[0m] [0m[0mExporting web-assets:play-template[0m
[0m[[0m[0mdebug[0m] [0m[0mExporting web-assets-test:play-template[0m
[0m[[0m[0minfo[0m] [0m[0m[32mApplicationControllerSpec:[0m[0m
[0m[[0m[0minfo[0m] [0m[0m[32mApplicationController .index[0m[0m
[0m[[0m[0minfo[0m] [0m[0m[32m- should return TODO[0m[0m
[0m[[0m[0minfo[0m] [0m[0m[32mApplicationController .create[0m[0m
[0m[[0m[0minfo[0m] [0m[0m[32m- should create a book in the database[0m[0m
[0m[[0m[0minfo[0m] [0m[0m[32mApplicationController .read()[0m[0m
[0m[[0m[0minfo[0m] [0m[0m[31m- should find a book in the database *** FAILED ***[0m[0m
[0m[[0m[0minfo[0m] [0m[0m[31m  404 was not equal to 200 (ApplicationControllerSpec.scala:64)[0m[0m
[0m[[0m[0minfo[0m] [0m[0m[32mApplicationController .update()[0m[0m
[0m[[0m[0minfo[0m] [0m[0m[31m- should edit an existing book in the database *** FAILED ***[0m[0m
[0m[[0m[0minfo[0m] [0m[0m[31m  com.fasterxml.jackson.databind.exc.MismatchedInputException: No content to map due to end-of-input[0m[0m
[0m[[0m[0minfo[0m] [0m[0m[31m at [Source: (String)""; line: 1, column: 0][0m[0m
[0m[[0m[0minfo[0m] [0m[0m[31m  at com.fasterxml.jackson.databind.exc.MismatchedInputException.from(MismatchedInputException.java:59)[0m[0m
[0m[[0m[0minfo[0m] [0m[0m[31m  at com.fasterxml.jackson.databind.ObjectMapper._initForReading(ObjectMapper.java:4624)[0m[0m
[0m[[0m[0minfo[0m] [0m[0m[31m  at com.fasterxml.jackson.databind.ObjectMapper._readValue(ObjectMapper.java:4440)[0m[0m
[0m[[0m[0minfo[0m] [0m[0m[31m  at com.fasterxml.jackson.databind.ObjectMapper.readValue(ObjectMapper.java:2696)[0m[0m
[0m[[0m[0minfo[0m] [0m[0m[31m  at play.api.libs.json.jackson.JacksonJson$.parseJsValue(JacksonJson.scala:285)[0m[0m
[0m[[0m[0minfo[0m] [0m[0m[31m  at play.api.libs.json.StaticBinding$.parseJsValue(StaticBinding.scala:17)[0m[0m
[0m[[0m[0minfo[0m] [0m[0m[31m  at play.api.libs.json.Json$.parse(Json.scala:173)[0m[0m
[0m[[0m[0minfo[0m] [0m[0m[31m  at play.api.test.ResultExtractors.contentAsJson(Helpers.scala:390)[0m[0m
[0m[[0m[0minfo[0m] [0m[0m[31m  at play.api.test.ResultExtractors.contentAsJson$(Helpers.scala:389)[0m[0m
[0m[[0m[0minfo[0m] [0m[0m[31m  at play.api.test.Helpers$.contentAsJson(Helpers.scala:672)[0m[0m
[0m[[0m[0minfo[0m] [0m[0m[31m  ...[0m[0m
[0m[[0m[0minfo[0m] [0m[0m[32mApplicationController .delete()[0m[0m
[0m[[0m[0minfo[0m] [0m[0m[36mRun completed in 1 second, 456 milliseconds.[0m[0m
[0m[[0m[0minfo[0m] [0m[0m[36mTotal number of tests run: 4[0m[0m
[0m[[0m[0minfo[0m] [0m[0m[36mSuites: completed 1, aborted 0[0m[0m
[0m[[0m[0minfo[0m] [0m[0m[36mTests: succeeded 2, failed 2, canceled 0, ignored 0, pending 0[0m[0m
[0m[[0m[0minfo[0m] [0m[0m[31m*** 2 TESTS FAILED ***[0m[0m
[0m[[0m[31merror[0m] [0m[0mFailed tests:[0m
[0m[[0m[31merror[0m] [0m[0m	controllers.ApplicationControllerSpec[0m
[0m[[0m[31merror[0m] [0m[0m(Test / [31mtestOnly[0m) sbt.TestsFailedException: Tests unsuccessful[0m
[0m[[0m[31merror[0m] [0m[0mTotal time: 2 s, completed 24 Jan 2024, 15:24:20[0m
[0m[[0m[0mdebug[0m] [0m[0m> Exec(idea-shell, None, None)[0m
